#
# There is insufficient memory for the Java Runtime Environment to continue.
# Native memory allocation (mmap) failed to map 266338304 bytes for Failed to commit area from 0x0000000702200000 to 0x0000000712000000 of length 266338304.
# Possible reasons:
#   The system is out of physical RAM or swap space
#   The process is running with CompressedOops enabled, and the Java Heap may be blocking the growth of the native heap
# Possible solutions:
#   Reduce memory load on the system
#   Increase physical memory or swap space
#   Check if swap backing store is full
#   Decrease Java heap size (-Xmx/-Xms)
#   Decrease number of Java threads
#   Decrease Java thread stack sizes (-Xss)
#   Set larger code cache with -XX:ReservedCodeCacheSize=
# This output file may be truncated or incomplete.
#
#  Out of Memory Error (./src/hotspot/os/windows/os_windows.cpp:3624), pid=11196, tid=11200
#
# JRE version:  (11.0.14.1+1) (build )
# Java VM: OpenJDK 64-Bit Server VM (11.0.14.1+1-b1751.46, mixed mode, sharing, tiered, compressed oops, g1 gc, windows-amd64)
# No core dump will be written. Minidumps are not enabled by default on client versions of Windows
#

---------------  S U M M A R Y ------------

Command Line: git4idea.http.GitAskPassApp Username for 'https://github.com': 

Host: Intel(R) Pentium(R) Gold G5400 CPU @ 3.70GHz, 4 cores, 15G,  Windows 10 , 64 bit Build 17763 (10.0.17763.2928)
Time: Sun May 22 20:45:44 2022 RTZ 2 (ceia) elapsed time: 0.008654 seconds (0d 0h 0m 0s)

---------------  T H R E A D  ---------------

Current thread (0x000001b1c367c800):  JavaThread "Unknown thread" [_thread_in_vm, id=11200, stack(0x00000080a9b00000,0x00000080a9c00000)]

Stack: [0x00000080a9b00000,0x00000080a9c00000]
Native frames: (J=compiled Java code, j=interpreted, Vv=VM code, C=native code)
V  [jvm.dll+0x61601a]
V  [jvm.dll+0x79c3b0]
V  [jvm.dll+0x79d9cd]
V  [jvm.dll+0x79e0a3]
V  [jvm.dll+0x24ca38]
V  [jvm.dll+0x613074]
V  [jvm.dll+0x607d75]
V  [jvm.dll+0x30b05b]
V  [jvm.dll+0x30afca]
V  [jvm.dll+0x30aea2]
V  [jvm.dll+0x30fde6]
V  [jvm.dll+0x35b473]
V  [jvm.dll+0x35bb76]
V  [jvm.dll+0x35b573]
V  [jvm.dll+0x2e57b8]
V  [jvm.dll+0x2e6967]
V  [jvm.dll+0x779377]
V  [jvm.dll+0x77ab6c]
V  [jvm.dll+0x368a19]
V  [jvm.dll+0x75ce8e]
V  [jvm.dll+0x3d6aa3]
V  [jvm.dll+0x3d8ff1]
C  [jli.dll+0x536b]
C  [ucrtbase.dll+0x2268a]
C  [KERNEL32.DLL+0x17974]
C  [ntdll.dll+0x5a2f1]


---------------  P R O C E S S  ---------------

Threads class SMR info:
_java_thread_list=0x000001b1c35a9250, length=0, elements={
}

Java Threads: ( => current thread )

Other Threads:
  0x000001b1c4e9b800 GCTaskThread "GC Thread#0" [stack: 0x00000080a9c00000,0x00000080a9d00000] [id=11620]
  0x000001b1c4ef6800 ConcurrentGCThread "G1 Main Marker" [stack: 0x00000080a9d00000,0x00000080a9e00000] [id=6880]
  0x000001b1c4ef9000 ConcurrentGCThread "G1 Conc#0" [stack: 0x00000080a9e00000,0x00000080a9f00000] [id=7852]

[error occurred during error reporting (printing all threads), id 0xc0000005, EXCEPTION_ACCESS_VIOLATION (0xc0000005) at pc=0x00007ffb18e95f37]

VM state:not at safepoint (not fully initialized)

VM Mutex/Monitor currently owned by a thread:  ([mutex/lock_event])
[0x000001b1c4e84540] Heap_lock - owner thread: 0x000001b1c367c800

Heap address: 0x0000000702200000, size: 4062 MB, Compressed Oops mode: Non-zero based: 0x0000000702200000
Narrow klass base: 0x0000000000000000, Narrow klass shift: 0

GC Heap History (0 events):
No events

Deoptimization events (0 events):
No events

Classes redefined (0 events):
No events

Internal exceptions (0 events):
No events

Events (1 events):
Event: 0.005 Loaded shared library C:\Program Files\JetBrains\PyCharm Community Edition 2021.3.3\jbr\bin\zip.dll


Dynamic libraries:
0x00007ff63b220000 - 0x00007ff63b22a000 	C:\Program Files\JetBrains\PyCharm Community Edition 2021.3.3\jbr\bin\java.exe
0x00007ffb60fb0000 - 0x00007ffb6119d000 	C:\WINDOWS\SYSTEM32\ntdll.dll
0x00007ffb5e8f0000 - 0x00007ffb5e9a3000 	C:\WINDOWS\System32\KERNEL32.DLL
0x00007ffb5d8a0000 - 0x00007ffb5db34000 	C:\WINDOWS\System32\KERNELBASE.dll
0x00007ffb5dee0000 - 0x00007ffb5dfda000 	C:\WINDOWS\System32\ucrtbase.dll
0x00007ffb43fe0000 - 0x00007ffb43ff9000 	C:\Program Files\JetBrains\PyCharm Community Edition 2021.3.3\jbr\bin\jli.dll
0x00007ffb43b70000 - 0x00007ffb43b86000 	C:\Program Files\JetBrains\PyCharm Community Edition 2021.3.3\jbr\bin\VCRUNTIME140.dll
0x00007ffb60d80000 - 0x00007ffb60f17000 	C:\WINDOWS\System32\USER32.dll
0x00007ffb5e190000 - 0x00007ffb5e1b0000 	C:\WINDOWS\System32\win32u.dll
0x00007ffb552d0000 - 0x00007ffb55549000 	C:\WINDOWS\WinSxS\amd64_microsoft.windows.common-controls_6595b64144ccf1df_6.0.17763.2928_none_de6f2d70534d3d29\COMCTL32.dll
0x00007ffb60ad0000 - 0x00007ffb60af9000 	C:\WINDOWS\System32\GDI32.dll
0x00007ffb60640000 - 0x00007ffb606de000 	C:\WINDOWS\System32\msvcrt.dll
0x00007ffb5dd40000 - 0x00007ffb5dedc000 	C:\WINDOWS\System32\gdi32full.dll
0x00007ffb5d7b0000 - 0x00007ffb5d850000 	C:\WINDOWS\System32\msvcp_win.dll
0x00007ffb60260000 - 0x00007ffb6058d000 	C:\WINDOWS\System32\combase.dll
0x00007ffb5e9d0000 - 0x00007ffb5eaed000 	C:\WINDOWS\System32\RPCRT4.dll
0x00007ffb5e100000 - 0x00007ffb5e182000 	C:\WINDOWS\System32\bcryptPrimitives.dll
0x00007ffb60880000 - 0x00007ffb608ae000 	C:\WINDOWS\System32\IMM32.DLL
0x00007ffb5bbb0000 - 0x00007ffb5bbfb000 	C:\WINDOWS\SYSTEM32\AvCNG.dll
0x00007ffb5e840000 - 0x00007ffb5e8e7000 	C:\WINDOWS\System32\ADVAPI32.dll
0x00007ffb601c0000 - 0x00007ffb6025f000 	C:\WINDOWS\System32\sechost.dll
0x00007ffb5e1b0000 - 0x00007ffb5e1d6000 	C:\WINDOWS\System32\bcrypt.dll
0x00007ffb5bb10000 - 0x00007ffb5bba5000 	C:\Program Files\Common Files\Avest\Avest CSP\avsspc.dll
0x00007ffb60f20000 - 0x00007ffb60f72000 	C:\WINDOWS\System32\SHLWAPI.dll
0x00007ffb21ff0000 - 0x00007ffb2209a000 	C:\Program Files\JetBrains\PyCharm Community Edition 2021.3.3\jbr\bin\msvcp140.dll
0x00007ffb18ba0000 - 0x00007ffb1971a000 	C:\Program Files\JetBrains\PyCharm Community Edition 2021.3.3\jbr\bin\server\jvm.dll
0x00007ffb5e9c0000 - 0x00007ffb5e9c8000 	C:\WINDOWS\System32\PSAPI.DLL
0x00007ffb5b040000 - 0x00007ffb5b064000 	C:\WINDOWS\SYSTEM32\WINMM.dll
0x00007ffb4e650000 - 0x00007ffb4e659000 	C:\WINDOWS\SYSTEM32\WSOCK32.dll
0x00007ffb56db0000 - 0x00007ffb56dba000 	C:\WINDOWS\SYSTEM32\VERSION.dll
0x00007ffb60a60000 - 0x00007ffb60acd000 	C:\WINDOWS\System32\WS2_32.dll
0x00007ffb5b010000 - 0x00007ffb5b03d000 	C:\WINDOWS\SYSTEM32\WINMMBASE.dll
0x00007ffb5d850000 - 0x00007ffb5d89a000 	C:\WINDOWS\System32\cfgmgr32.dll
0x00007ffb5d020000 - 0x00007ffb5d031000 	C:\WINDOWS\System32\kernel.appcore.dll
0x00007ffb3b310000 - 0x00007ffb3b321000 	C:\Program Files\JetBrains\PyCharm Community Edition 2021.3.3\jbr\bin\verify.dll
0x00007ffb45cc0000 - 0x00007ffb45ead000 	C:\WINDOWS\SYSTEM32\DBGHELP.DLL
0x00007ffb45be0000 - 0x00007ffb45c0a000 	C:\WINDOWS\SYSTEM32\dbgcore.DLL
0x00007ffb3b1e0000 - 0x00007ffb3b209000 	C:\Program Files\JetBrains\PyCharm Community Edition 2021.3.3\jbr\bin\java.dll
0x00007ffb4e0d0000 - 0x00007ffb4e0db000 	C:\Program Files\JetBrains\PyCharm Community Edition 2021.3.3\jbr\bin\jimage.dll
0x00007ffb3b1c0000 - 0x00007ffb3b1d9000 	C:\Program Files\JetBrains\PyCharm Community Edition 2021.3.3\jbr\bin\zip.dll

dbghelp: loaded successfully - version: 4.0.5 - missing functions: none
symbol engine: initialized successfully - sym options: 0x614 - pdb path: .;C:\Program Files\JetBrains\PyCharm Community Edition 2021.3.3\jbr\bin;C:\WINDOWS\SYSTEM32;C:\WINDOWS\WinSxS\amd64_microsoft.windows.common-controls_6595b64144ccf1df_6.0.17763.2928_none_de6f2d70534d3d29;C:\Program Files\Common Files\Avest\Avest CSP;C:\Program Files\JetBrains\PyCharm Community Edition 2021.3.3\jbr\bin\server

VM Arguments:
java_command: git4idea.http.GitAskPassApp Username for 'https://github.com': 
java_class_path (initial): C:/Program Files/JetBrains/PyCharm Community Edition 2021.3.3/plugins/git4idea/lib/git4idea-rt.jar;C:/Program Files/JetBrains/PyCharm Community Edition 2021.3.3/lib/3rd-party.jar;C:/Program Files/JetBrains/PyCharm Community Edition 2021.3.3/lib/3rd-party-rt.jar
Launcher Type: SUN_STANDARD

[Global flags]
     intx CICompilerCount                          = 3                                         {product} {ergonomic}
     uint ConcGCThreads                            = 1                                         {product} {ergonomic}
     uint G1ConcRefinementThreads                  = 4                                         {product} {ergonomic}
   size_t G1HeapRegionSize                         = 1048576                                   {product} {ergonomic}
    uintx GCDrainStackTargetSize                   = 64                                        {product} {ergonomic}
   size_t InitialHeapSize                          = 266338304                                 {product} {ergonomic}
   size_t MarkStackSize                            = 4194304                                   {product} {ergonomic}
   size_t MaxHeapSize                              = 4259315712                                {product} {ergonomic}
   size_t MinHeapDeltaBytes                        = 1048576                                   {product} {ergonomic}
    uintx NonNMethodCodeHeapSize                   = 5830732                                {pd product} {ergonomic}
    uintx NonProfiledCodeHeapSize                  = 122913754                              {pd product} {ergonomic}
    uintx ProfiledCodeHeapSize                     = 122913754                              {pd product} {ergonomic}
    uintx ReservedCodeCacheSize                    = 251658240                              {pd product} {ergonomic}
     bool SegmentedCodeCache                       = true                                      {product} {ergonomic}
     bool UseCompressedClassPointers               = true                                 {lp64_product} {ergonomic}
     bool UseCompressedOops                        = true                                 {lp64_product} {ergonomic}
     bool UseG1GC                                  = true                                      {product} {ergonomic}
     bool UseLargePagesIndividualAllocation        = false                                  {pd product} {ergonomic}

Logging:
Log output configuration:
 #0: stdout all=warning uptime,level,tags
 #1: stderr all=off uptime,level,tags

Environment Variables:
PATH=C:\Program Files\Git\mingw64\libexec\git-core;C:\Program Files\Git\mingw64\libexec\git-core;C:\Program Files\Git\mingw64\bin;C:\Program Files\Git\usr\bin;C:\Users\evgeny\bin;C:\Program Files (x86)\Common Files\Oracle\Java\javapath;C:\Program Files (x86)\NVIDIA Corporation\PhysX\Common;C:\WINDOWS\system32;C:\WINDOWS;C:\WINDOWS\System32\Wbem;C:\WINDOWS\System32\WindowsPowerShell\v1.0;C:\WINDOWS\System32\OpenSSH;C:\Program Files (x86)\Avest\AvPCM_nces;C:\Program Files\Git\cmd;C:\Users\evgeny\AppData\Local\Programs\Python\Python310\Scripts;C:\Users\evgeny\AppData\Local\Programs\Python\Python310;C:\Users\evgeny\AppData\Local\Microsoft\WindowsApps
USERNAME=evgeny
DISPLAY=:0.0
LC_ALL=en_US.UTF-8
OS=Windows_NT
PROCESSOR_IDENTIFIER=Intel64 Family 6 Model 158 Stepping 10, GenuineIntel



---------------  S Y S T E M  ---------------

OS: Windows 10 , 64 bit Build 17763 (10.0.17763.2928)
OS uptime: 4 days 9:04 hours

CPU:total 4 (initial active 4) (2 cores per cpu, 2 threads per core) family 6 model 158 stepping 10 microcode 0xde, cmov, cx8, fxsr, mmx, sse, sse2, sse3, ssse3, sse4.1, sse4.2, popcnt, aes, clmul, erms, 3dnowpref, lzcnt, ht, tsc, tscinvbit

Memory: 4k page, system-wide physical 16245M (9163M free)
TotalPageFile size 25853M (AvailPageFile size 168M)
current process WorkingSet (physical memory assigned to process): 10M, peak: 10M
current process commit charge ("private bytes"): 52M, peak: 306M

vm_info: OpenJDK 64-Bit Server VM (11.0.14.1+1-b1751.46) for windows-amd64 JRE (11.0.14.1+1-b1751.46), built on Feb 21 2022 15:19:20 by "" with MS VC++ 14.0 (VS2015)

END.
